<?xml version="1.0" encoding="UTF-8"?>
<!-- Generated by org.testng.reporters.JUnitReportReporter -->
<testsuite skipped="0" hostname="SuthanthiraDevi" name="testcases.Home_Test" tests="2" failures="0" timestamp="07 Dec 2018 10:30:12 GMT" time="26.602" errors="0">
  <testcase name="can_frm_test" time="14.052" classname="testcases.Home_Test"/>
  <testcase name="homepage_logo_Test" time="12.550" classname="testcases.Home_Test"/>
</testsuite> <!-- testcases.Home_Test -->
