<?xml version="1.0" encoding="UTF-8"?>
<!-- Generated by org.testng.reporters.JUnitReportReporter -->
<testsuite skipped="0" hostname="SuthanthiraDevi" name="testcases.Can_Test" tests="1" failures="0" timestamp="07 Dec 2018 10:30:12 GMT" time="129.731" errors="0">
  <testcase name="can_frm_test" time="129.731" classname="testcases.Can_Test"/>
</testsuite> <!-- testcases.Can_Test -->
